# Preference setting overrides
gui_create_pref_key -category {Globals} -key {load_detail_for_funcov} -value_type {bool} -value {false}
gui_create_pref_category -category {dlg_settings}
gui_create_pref_key -category {dlg_settings} -key {tableWithImmediatePopup} -value_type {bool} -value {true}

# State setting overrides
gui_state_default_create -off -ini
gui_set_state_value -category Globals -key recent_databases -value {{gui_open_db -file /home/warehouse/c.ricciardi/GitHub/fall-2017-lab4-chrispricciardi-1/top.vcd -design V1} {gui_open_db -file /home/warehouse/c.ricciardi/GitHub/fall-2017-lab4-chrispricciardi-1/top.vcd -design V2} {gui_open_db -file /home/warehouse/c.ricciardi/GitHub/fall-2017-lab4-chrispricciardi-1/control_tb.vcd -design V1} {gui_open_db -file /home/warehouse/c.ricciardi/GitHub/fall-2017-lab3-chrispricciardi/sram.vcd -design V1} {gui_open_db -file /home/warehouse/c.ricciardi/GitHub/fall-2017-lab3-chrispricciardi/Top.vcd.vpd -design V1}}
gui_set_state_value -category Layout -key child_console_size_x -value 1126
gui_set_state_value -category Layout -key child_console_size_y -value 105
gui_set_state_value -category Layout -key child_data_size_x -value 125
gui_set_state_value -category Layout -key child_data_size_y -value 387
gui_set_state_value -category Layout -key child_hier_col3 -value {-1}
gui_set_state_value -category Layout -key child_hier_colhier -value 166
gui_set_state_value -category Layout -key child_hier_colpd -value 0
gui_set_state_value -category Layout -key child_hier_size_x -value 222
gui_set_state_value -category Layout -key child_hier_size_y -value 387
gui_set_state_value -category Layout -key child_hier_sort_order -value 1
gui_set_state_value -category Layout -key child_list_down -value 202
gui_set_state_value -category Layout -key child_list_right -value 443
gui_set_state_value -category Layout -key child_source_docknewline -value false
gui_set_state_value -category Layout -key child_source_showstate -value normal
gui_set_state_value -category Layout -key child_source_size_x -value 565
gui_set_state_value -category Layout -key child_source_size_y -value 362
gui_set_state_value -category Layout -key child_wave_colname -value 265
gui_set_state_value -category Layout -key child_wave_colvalue -value 265
gui_set_state_value -category Layout -key child_wave_left -value 534
gui_set_state_value -category Layout -key child_wave_right -value 1303
gui_set_state_value -category Layout -key main_pos_x -value 158
gui_set_state_value -category Layout -key main_pos_y -value 258
gui_set_state_value -category Layout -key main_size_x -value 1284
gui_set_state_value -category Layout -key main_size_y -value 849
gui_set_state_value -category Layout -key stand_list_child_docknewline -value false
gui_set_state_value -category Layout -key stand_list_child_pos_x -value {-2}
gui_set_state_value -category Layout -key stand_list_child_pos_y -value {-15}
gui_set_state_value -category Layout -key stand_list_child_size_x -value 603
gui_set_state_value -category Layout -key stand_list_child_size_y -value 347
gui_set_state_value -category Layout -key stand_list_top_pos_x -value 502
gui_set_state_value -category Layout -key stand_list_top_pos_y -value 98
gui_set_state_value -category Layout -key stand_list_top_size_y -value 596
gui_set_state_value -category Layout -key stand_wave_child_docknewline -value false
gui_set_state_value -category Layout -key stand_wave_child_pos_x -value {-2}
gui_set_state_value -category Layout -key stand_wave_child_pos_y -value {-15}
gui_set_state_value -category Layout -key stand_wave_child_size_x -value 1847
gui_set_state_value -category Layout -key stand_wave_child_size_y -value 774
gui_set_state_value -category Layout -key stand_wave_top_pos_x -value 60
gui_set_state_value -category Layout -key stand_wave_top_pos_y -value 74
gui_set_state_value -category Layout -key stand_wave_top_size_x -value 1902
gui_set_state_value -category Layout -key stand_wave_top_size_y -value 928
gui_create_state_key -category FindDialog -key m_pMatchCase -value_type bool -value false
gui_create_state_key -category FindDialog -key m_pMatchWord -value_type bool -value false
gui_create_state_key -category FindDialog -key m_pUseCombo -value_type string -value {}
gui_create_state_key -category FindDialog -key m_pWrapAround -value_type bool -value true
gui_state_default_create -off

# Begin command logging
gui_open_db -file /home/warehouse/c.ricciardi/GitHub/fall-2017-lab4-chrispricciardi-1/top.vcd -design V1
gui_list_expand -id  Hier.1   top_tb
gui_list_select -id Hier.1 -current_item_name top_tb.DUT -current_item_type Scope  -selected  { top_tb.DUT   }
gui_list_expand -id  Hier.1   top_tb.DUT
gui_list_select -id Hier.1 -current_item_name top_tb.DUT.MULT -current_item_type Scope  -selected  { top_tb.DUT.MULT   }
gui_list_select -id Data.1 { top_tb.DUT.MULT.clk  top_tb.DUT.MULT.reset  top_tb.DUT.MULT.multiply_enable  {top_tb.DUT.MULT.B[31:0]}  {top_tb.DUT.MULT.A[31:0]}  top_tb.DUT.MULT.done  {top_tb.DUT.MULT.PRODUCT[31:0]}  {top_tb.DUT.MULT.a[31:0]}  {top_tb.DUT.MULT.b[31:0]}  {top_tb.DUT.MULT.prod[63:0]}  {top_tb.DUT.MULT.COUNT[5:0]}  {top_tb.DUT.MULT.STATE[2:0]}  {top_tb.DUT.MULT.NEXT_STATE[2:0]}   }
gui_open_window Wave
gui_list_add -id Wave.1 -from Data.1 { top_tb.DUT.MULT.clk top_tb.DUT.MULT.reset top_tb.DUT.MULT.multiply_enable {top_tb.DUT.MULT.B[31:0]} {top_tb.DUT.MULT.A[31:0]} top_tb.DUT.MULT.done {top_tb.DUT.MULT.PRODUCT[31:0]} {top_tb.DUT.MULT.a[31:0]} {top_tb.DUT.MULT.b[31:0]} {top_tb.DUT.MULT.prod[63:0]} {top_tb.DUT.MULT.COUNT[5:0]} {top_tb.DUT.MULT.STATE[2:0]} {top_tb.DUT.MULT.NEXT_STATE[2:0]} } -insertionbar
gui_zoom -window Wave.1 -full
gui_wv_zoom_timerange -id  Wave.1 0 2201100
gui_close_window -window TopLevel.2
gui_list_select -id Hier.1 -current_item_name top_tb.DUT.ADD -current_item_type Scope  -selected  { top_tb.DUT.ADD   }
gui_list_action -id  Hier.1 top_tb.DUT.ADD
gui_list_select -id Data.1 -selected  { {top_tb.DUT.ADD.PRODUCT[15:0]}  {top_tb.DUT.ADD.partial_sum[15:0]}  {top_tb.DUT.ADD.SUM[15:0]}   }
gui_open_window Wave
gui_list_add -id Wave.1 -from Data.1 { {top_tb.DUT.ADD.PRODUCT[15:0]} {top_tb.DUT.ADD.partial_sum[15:0]} {top_tb.DUT.ADD.SUM[15:0]} } -insertionbar
gui_zoom -window Wave.1 -full
gui_wv_zoom_timerange -id  Wave.1 49133 777947
gui_close_window -window TopLevel.2
gui_close_db -file /home/warehouse/c.ricciardi/GitHub/fall-2017-lab4-chrispricciardi-1/top.vcd.vpd -design V1
gui_open_db -file /home/warehouse/c.ricciardi/GitHub/fall-2017-lab4-chrispricciardi-1/top.vcd -design V1
gui_list_expand -id  Hier.1   top_tb
gui_list_select -id Hier.1 -current_item_name top_tb.DUT -current_item_type Scope  -selected  { top_tb.DUT   }
gui_list_expand -id  Hier.1   top_tb.DUT
gui_list_select -id Data.1 { top_tb.DUT.clk  top_tb.DUT.reset  top_tb.DUT.done  top_tb.DUT.ps_in  top_tb.DUT.fs_in  top_tb.DUT.fs_out  {top_tb.DUT.A[31:0]}  {top_tb.DUT.B[31:0]}  {top_tb.DUT.PRODUCT[31:0]}  {top_tb.DUT.partial_sum[31:0]}  {top_tb.DUT.SUM[31:0]}  top_tb.DUT.multiply_enable  top_tb.DUT.reg_in  top_tb.DUT.multiply_enable  top_tb.DUT.reg_in  top_tb.DUT.multiply_enable  top_tb.DUT.reg_in   }
gui_list_select -id Hier.1 -current_item_name top_tb -current_item_type Scope  -selected  { top_tb   }
gui_list_select -id Data.1 -selected  { top_tb.clk  top_tb.reset  {top_tb.A[31:0]}  {top_tb.B[31:0]}  top_tb.multiply_enable  top_tb.reg_in   }
gui_open_window Wave
gui_list_add -id Wave.1 -from Data.1 { top_tb.clk top_tb.reset {top_tb.A[31:0]} {top_tb.B[31:0]} top_tb.multiply_enable top_tb.reg_in } -insertionbar
gui_zoom -window Wave.1 -full
gui_wv_zoom_timerange -id  Wave.1 0 1130070
gui_close_window -window TopLevel.2
