# Preference setting overrides
gui_create_pref_key -category {Globals} -key {load_detail_for_funcov} -value_type {bool} -value {false}
gui_create_pref_category -category {dlg_settings}
gui_create_pref_key -category {dlg_settings} -key {tableWithImmediatePopup} -value_type {bool} -value {true}

# State setting overrides
gui_state_default_create -off -ini
gui_set_state_value -category Globals -key recent_databases -value {{gui_open_db -file /home/warehouse/c.ricciardi/GitHub/fall-2017-lab4-chrispricciardi-1/top.vcd -design V1} {gui_open_db -file /home/warehouse/c.ricciardi/GitHub/fall-2017-lab4-chrispricciardi-2/top.vcd -design V1} {gui_open_db -file /home/warehouse/c.ricciardi/GitHub/fall-2017-lab4-chrispricciardi-1/top.vcd -design V2} {gui_open_db -file /home/warehouse/c.ricciardi/GitHub/fall-2017-lab4-chrispricciardi-1/control_tb.vcd -design V1} {gui_open_db -file /home/warehouse/c.ricciardi/GitHub/fall-2017-lab3-chrispricciardi/sram.vcd -design V1}}
gui_set_state_value -category Layout -key child_console_size_x -value 941
gui_set_state_value -category Layout -key child_console_size_y -value 105
gui_set_state_value -category Layout -key child_data_size_x -value 118
gui_set_state_value -category Layout -key child_data_size_y -value 379
gui_set_state_value -category Layout -key child_hier_col3 -value {-1}
gui_set_state_value -category Layout -key child_hier_colhier -value 166
gui_set_state_value -category Layout -key child_hier_colpd -value 0
gui_set_state_value -category Layout -key child_hier_size_x -value 215
gui_set_state_value -category Layout -key child_hier_size_y -value 379
gui_set_state_value -category Layout -key child_hier_sort_order -value 1
gui_set_state_value -category Layout -key child_list_down -value 201
gui_set_state_value -category Layout -key child_list_right -value 442
gui_set_state_value -category Layout -key child_source_docknewline -value false
gui_set_state_value -category Layout -key child_source_showstate -value normal
gui_set_state_value -category Layout -key child_source_size_x -value 593
gui_set_state_value -category Layout -key child_source_size_y -value 354
gui_set_state_value -category Layout -key child_wave_colname -value 125
gui_set_state_value -category Layout -key child_wave_colvalue -value 125
gui_set_state_value -category Layout -key child_wave_left -value 255
gui_set_state_value -category Layout -key child_wave_right -value 623
gui_set_state_value -category Layout -key main_pos_x -value 1
gui_set_state_value -category Layout -key main_pos_y -value 345
gui_set_state_value -category Layout -key main_size_x -value 942
gui_set_state_value -category Layout -key main_size_y -value 928
gui_set_state_value -category Layout -key stand_list_child_docknewline -value false
gui_set_state_value -category Layout -key stand_list_child_pos_x -value {-2}
gui_set_state_value -category Layout -key stand_list_child_pos_y -value {-15}
gui_set_state_value -category Layout -key stand_list_child_size_x -value 602
gui_set_state_value -category Layout -key stand_list_child_size_y -value 346
gui_set_state_value -category Layout -key stand_list_top_pos_x -value 503
gui_set_state_value -category Layout -key stand_list_top_pos_y -value 132
gui_set_state_value -category Layout -key stand_list_top_size_y -value 629
gui_set_state_value -category Layout -key stand_wave_child_docknewline -value false
gui_set_state_value -category Layout -key stand_wave_child_pos_x -value {-2}
gui_set_state_value -category Layout -key stand_wave_child_pos_y -value {-15}
gui_set_state_value -category Layout -key stand_wave_child_size_x -value 888
gui_set_state_value -category Layout -key stand_wave_child_size_y -value 483
gui_set_state_value -category Layout -key stand_wave_top_pos_x -value 59
gui_set_state_value -category Layout -key stand_wave_top_pos_y -value 241
gui_set_state_value -category Layout -key stand_wave_top_size_x -value 942
gui_set_state_value -category Layout -key stand_wave_top_size_y -value 851
gui_create_state_key -category FindDialog -key m_pMatchCase -value_type bool -value false
gui_create_state_key -category FindDialog -key m_pMatchWord -value_type bool -value false
gui_create_state_key -category FindDialog -key m_pUseCombo -value_type string -value {}
gui_create_state_key -category FindDialog -key m_pWrapAround -value_type bool -value true
gui_state_default_create -off

# Begin command logging
gui_open_db -file /home/warehouse/c.ricciardi/GitHub/fall-2017-lab4-chrispricciardi-2/top.vcd -design V1
gui_list_expand -id  Hier.1   top_tb
gui_list_select -id Hier.1 -current_item_name top_tb -current_item_type Scope  -selected  { top_tb   }
gui_list_expand -id  Hier.1   top_tb.DUT
gui_list_select -id Hier.1 -current_item_name top_tb.DUT.FS_REG -current_item_type Scope  -selected  { top_tb.DUT.FS_REG   }
gui_list_select -id Hier.1 -current_item_name top_tb.DUT.CONTROL -current_item_type Scope  -selected  { top_tb.DUT.CONTROL   }
gui_list_select -id Hier.1 -current_item_name top_tb -current_item_type Scope  -selected  { top_tb   }
gui_list_show_data -select -id  Hier.1   top_tb
gui_list_select -id Hier.1 -current_item_name top_tb.DUT -current_item_type Scope  -selected  { top_tb.DUT   }
gui_open_window Wave
gui_list_add -id Wave.1 -from Hier.1 { top_tb.DUT } -insertionbar
gui_zoom -window Wave.1 -full
gui_wv_zoom_timerange -id  Wave.1 0 1430000
gui_wv_zoom_timerange -id  Wave.1 0 878904
gui_wv_scrollright -id  Wave.1  line
gui_wv_scrollright -id  Wave.1  line
gui_wv_scrollright -id  Wave.1  line
gui_wv_scrollright -id  Wave.1  line
gui_wv_scrollright -id  Wave.1  line
gui_wv_scrollright -id  Wave.1  line
gui_wv_scrollright -id  Wave.1  line
gui_wv_scrollright -id  Wave.1  line
gui_wv_scrollright -id  Wave.1  line
gui_wv_scrollright -id  Wave.1  line
gui_wv_scrollright -id  Wave.1  line
gui_wv_scrollright -id  Wave.1  line
gui_wv_scrollright -id  Wave.1  line
gui_wv_scrollright -id  Wave.1  line
gui_close_window -window TopLevel.2
